# JRE version: Java(TM) SE Runtime Environment (17.0.8+9) (build 17.0.8+9-LTS-211)
# Java VM: Java HotSpot(TM) 64-Bit Server VM (17.0.8+9-LTS-211, mixed mode, sharing, tiered, compressed oops, compressed class ptrs, g1 gc, windows-amd64)
GC Precious Log:
 CPUs: 8 total, 8 available
 Memory: 7997M
 Large Page Support: Disabled
 NUMA Support: Disabled
 Compressed Oops: Enabled (32-bit)
 Heap Region Size: 1M
 Heap Min Capacity: 8M
 Heap Initial Capacity: 126M
 Heap Max Capacity: 2G
 Pre-touch: Disabled
 Parallel Workers: 8
 Concurrent Workers: 2
 Concurrent Refinement Workers: 8
 Periodic GC: Disabled
Heap:
 garbage-first heap   total 237568K, used 113314K [0x0000000080000000, 0x0000000100000000)
  region size 1024K, 23 young (23552K), 4 survivors (4096K)
 Metaspace       used 82066K, committed 82880K, reserved 557056K
  class space    used 11504K, committed 11904K, reserved 425984K
GC Heap History (20 events):
Event: 67.574 GC heap before
{Heap before GC invocations=29 (full 0):
 garbage-first heap   total 119808K, used 94796K [0x0000000080000000, 0x0000000100000000)
  region size 1024K, 32 young (32768K), 3 survivors (3072K)
 Metaspace       used 64998K, committed 65664K, reserved 491520K
  class space    used 9201K, committed 9472K, reserved 425984K
}
Event: 67.580 GC heap after
{Heap after GC invocations=30 (full 0):
 garbage-first heap   total 119808K, used 68732K [0x0000000080000000, 0x0000000100000000)
  region size 1024K, 3 young (3072K), 3 survivors (3072K)
 Metaspace       used 64998K, committed 65664K, reserved 491520K
  class space    used 9201K, committed 9472K, reserved 425984K
}
Event: 68.520 GC heap before
{Heap before GC invocations=30 (full 0):
 garbage-first heap   total 119808K, used 96380K [0x0000000080000000, 0x0000000100000000)
  region size 1024K, 31 young (31744K), 3 survivors (3072K)
 Metaspace       used 66932K, committed 67584K, reserved 491520K
  class space    used 9569K, committed 9856K, reserved 425984K
}
Event: 68.528 GC heap after
{Heap after GC invocations=31 (full 0):
 garbage-first heap   total 119808K, used 71282K [0x0000000080000000, 0x0000000100000000)
  region size 1024K, 3 young (3072K), 3 survivors (3072K)
 Metaspace       used 66932K, committed 67584K, reserved 491520K
  class space    used 9569K, committed 9856K, reserved 425984K
}
Event: 68.948 GC heap before
{Heap before GC invocations=32 (full 0):
 garbage-first heap   total 128000K, used 95858K [0x0000000080000000, 0x0000000100000000)
  region size 1024K, 28 young (28672K), 3 survivors (3072K)
 Metaspace       used 67558K, committed 68224K, reserved 491520K
  class space    used 9651K, committed 9920K, reserved 425984K
}
Event: 68.955 GC heap after
{Heap after GC invocations=33 (full 0):
 garbage-first heap   total 128000K, used 72824K [0x0000000080000000, 0x0000000100000000)
  region size 1024K, 2 young (2048K), 2 survivors (2048K)
 Metaspace       used 67558K, committed 68224K, reserved 491520K
  class space    used 9651K, committed 9920K, reserved 425984K
}
Event: 69.106 GC heap before
{Heap before GC invocations=33 (full 0):
 garbage-first heap   total 128000K, used 77944K [0x0000000080000000, 0x0000000100000000)
  region size 1024K, 9 young (9216K), 2 survivors (2048K)
 Metaspace       used 67650K, committed 68352K, reserved 491520K
  class space    used 9662K, committed 9984K, reserved 425984K
}
Event: 69.109 GC heap after
{Heap after GC invocations=34 (full 0):
 garbage-first heap   total 128000K, used 72885K [0x0000000080000000, 0x0000000100000000)
  region size 1024K, 2 young (2048K), 2 survivors (2048K)
 Metaspace       used 67650K, committed 68352K, reserved 491520K
  class space    used 9662K, committed 9984K, reserved 425984K
}
Event: 69.945 GC heap before
{Heap before GC invocations=35 (full 0):
 garbage-first heap   total 128000K, used 110773K [0x0000000080000000, 0x0000000100000000)
  region size 1024K, 34 young (34816K), 2 survivors (2048K)
 Metaspace       used 69389K, committed 70144K, reserved 491520K
  class space    used 9887K, committed 10240K, reserved 425984K
}
Event: 69.950 GC heap after
{Heap after GC invocations=36 (full 0):
 garbage-first heap   total 128000K, used 84304K [0x0000000080000000, 0x0000000100000000)
  region size 1024K, 5 young (5120K), 5 survivors (5120K)
 Metaspace       used 69389K, committed 70144K, reserved 491520K
  class space    used 9887K, committed 10240K, reserved 425984K
}
Event: 69.978 GC heap before
{Heap before GC invocations=36 (full 0):
 garbage-first heap   total 128000K, used 85328K [0x0000000080000000, 0x0000000100000000)
  region size 1024K, 6 young (6144K), 5 survivors (5120K)
 Metaspace       used 69477K, committed 70208K, reserved 491520K
  class space    used 9902K, committed 10240K, reserved 425984K
}
Event: 69.983 GC heap after
{Heap after GC invocations=37 (full 0):
 garbage-first heap   total 128000K, used 84408K [0x0000000080000000, 0x0000000100000000)
  region size 1024K, 1 young (1024K), 1 survivors (1024K)
 Metaspace       used 69477K, committed 70208K, reserved 491520K
  class space    used 9902K, committed 10240K, reserved 425984K
}
Event: 70.551 GC heap before
{Heap before GC invocations=37 (full 0):
 garbage-first heap   total 128000K, used 106936K [0x0000000080000000, 0x0000000100000000)
  region size 1024K, 24 young (24576K), 1 survivors (1024K)
 Metaspace       used 71595K, committed 72384K, reserved 491520K
  class space    used 10115K, committed 10496K, reserved 425984K
}
Event: 70.555 GC heap after
{Heap after GC invocations=38 (full 0):
 garbage-first heap   total 237568K, used 84729K [0x0000000080000000, 0x0000000100000000)
  region size 1024K, 1 young (1024K), 1 survivors (1024K)
 Metaspace       used 71595K, committed 72384K, reserved 491520K
  class space    used 10115K, committed 10496K, reserved 425984K
}
Event: 72.158 GC heap before
{Heap before GC invocations=39 (full 0):
 garbage-first heap   total 237568K, used 169721K [0x0000000080000000, 0x0000000100000000)
  region size 1024K, 78 young (79872K), 1 survivors (1024K)
 Metaspace       used 77104K, committed 77888K, reserved 557056K
  class space    used 10801K, committed 11200K, reserved 425984K
}
Event: 72.174 GC heap after
{Heap after GC invocations=40 (full 0):
 garbage-first heap   total 237568K, used 90914K [0x0000000080000000, 0x0000000100000000)
  region size 1024K, 7 young (7168K), 7 survivors (7168K)
 Metaspace       used 77104K, committed 77888K, reserved 557056K
  class space    used 10801K, committed 11200K, reserved 425984K
}
Event: 72.374 GC heap before
{Heap before GC invocations=40 (full 0):
 garbage-first heap   total 237568K, used 95010K [0x0000000080000000, 0x0000000100000000)
  region size 1024K, 11 young (11264K), 7 survivors (7168K)
 Metaspace       used 77387K, committed 78144K, reserved 557056K
  class space    used 10853K, committed 11264K, reserved 425984K
}
Event: 72.380 GC heap after
{Heap after GC invocations=41 (full 0):
 garbage-first heap   total 237568K, used 91824K [0x0000000080000000, 0x0000000100000000)
  region size 1024K, 1 young (1024K), 1 survivors (1024K)
 Metaspace       used 77387K, committed 78144K, reserved 557056K
  class space    used 10853K, committed 11264K, reserved 425984K
}
Event: 74.274 GC heap before
{Heap before GC invocations=41 (full 0):
 garbage-first heap   total 237568K, used 173744K [0x0000000080000000, 0x0000000100000000)
  region size 1024K, 81 young (82944K), 1 survivors (1024K)
 Metaspace       used 81954K, committed 82816K, reserved 557056K
  class space    used 11496K, committed 11904K, reserved 425984K
}
Event: 74.281 GC heap after
{Heap after GC invocations=42 (full 0):
 garbage-first heap   total 237568K, used 94882K [0x0000000080000000, 0x0000000100000000)
  region size 1024K, 4 young (4096K), 4 survivors (4096K)
 Metaspace       used 81954K, committed 82816K, reserved 557056K
  class space    used 11496K, committed 11904K, reserved 425984K
}

